[debug] [2022-01-22T22:48:17.265Z] ----------------------------------------------------------------------
[debug] [2022-01-22T22:48:17.267Z] Command:       /usr/local/bin/node /usr/local/bin/firebase deploy
[debug] [2022-01-22T22:48:17.268Z] CLI Version:   10.1.2
[debug] [2022-01-22T22:48:17.268Z] Platform:      linux
[debug] [2022-01-22T22:48:17.268Z] Node Version:  v16.13.1
[debug] [2022-01-22T22:48:17.275Z] Time:          Sat Jan 22 2022 17:48:17 GMT-0500 (Eastern Standard Time)
[debug] [2022-01-22T22:48:17.275Z] ----------------------------------------------------------------------
[debug] 
[debug] [2022-01-22T22:48:17.338Z] > command requires scopes: ["email","openid","https://www.googleapis.com/auth/cloudplatformprojects.readonly","https://www.googleapis.com/auth/firebase","https://www.googleapis.com/auth/cloud-platform"]
[debug] [2022-01-22T22:48:17.339Z] > authorizing via signed-in user (patel2000ritesh@gmail.com)
[debug] [2022-01-22T22:48:17.339Z] [iam] checking project shopify-challenge-2022 for permissions ["firebase.projects.get","firebasehosting.sites.update"]
[debug] [2022-01-22T22:48:17.341Z] >>> HTTP REQUEST POST https://cloudresourcemanager.googleapis.com/v1/projects/shopify-challenge-2022:testIamPermissions  
 {"permissions":["firebase.projects.get","firebasehosting.sites.update"]}
[debug] [2022-01-22T22:48:17.689Z] <<< HTTP RESPONSE 200 {"content-type":"application/json; charset=UTF-8","vary":"X-Origin, Referer, Origin,Accept-Encoding","date":"Sat, 22 Jan 2022 22:48:17 GMT","server":"ESF","cache-control":"private","x-xss-protection":"0","x-frame-options":"SAMEORIGIN","x-content-type-options":"nosniff","server-timing":"gfet4t7; dur=163","alt-svc":"h3=\":443\"; ma=2592000,h3-29=\":443\"; ma=2592000,h3-Q050=\":443\"; ma=2592000,h3-Q046=\":443\"; ma=2592000,h3-Q043=\":443\"; ma=2592000,quic=\":443\"; ma=2592000; v=\"46,43\"","accept-ranges":"none","transfer-encoding":"chunked"}
[debug] [2022-01-22T22:48:17.690Z] > refreshing access token with scopes: []
[debug] [2022-01-22T22:48:17.691Z] >>> HTTP REQUEST POST https://www.googleapis.com/oauth2/v3/token  
 <request body omitted>
[debug] [2022-01-22T22:48:17.829Z] <<< HTTP RESPONSE 200 {"expires":"Mon, 01 Jan 1990 00:00:00 GMT","cache-control":"no-cache, no-store, max-age=0, must-revalidate","date":"Sat, 22 Jan 2022 22:48:17 GMT","pragma":"no-cache","content-type":"application/json; charset=utf-8","vary":"X-Origin, Referer, Origin,Accept-Encoding","server":"scaffolding on HTTPServer2","x-xss-protection":"0","x-frame-options":"SAMEORIGIN","x-content-type-options":"nosniff","alt-svc":"h3=\":443\"; ma=2592000,h3-29=\":443\"; ma=2592000,h3-Q050=\":443\"; ma=2592000,h3-Q046=\":443\"; ma=2592000,h3-Q043=\":443\"; ma=2592000,quic=\":443\"; ma=2592000; v=\"46,43\"","accept-ranges":"none","transfer-encoding":"chunked"}
[debug] [2022-01-22T22:48:17.847Z] >>> [apiv2][query] GET https://firebase.googleapis.com/v1beta1/projects/shopify-challenge-2022 [none]
[debug] [2022-01-22T22:48:18.327Z] <<< [apiv2][status] GET https://firebase.googleapis.com/v1beta1/projects/shopify-challenge-2022 200
[debug] [2022-01-22T22:48:18.327Z] <<< [apiv2][body] GET https://firebase.googleapis.com/v1beta1/projects/shopify-challenge-2022 {"projectId":"shopify-challenge-2022","projectNumber":"406493918860","displayName":"shopify-challenge-2022","name":"projects/shopify-challenge-2022","resources":{"hostingSite":"shopify-challenge-2022"},"state":"ACTIVE"}
[info] 
[info] === Deploying to 'shopify-challenge-2022'...
[info] 
[info] i  deploying hosting 
[debug] [2022-01-22T22:48:18.332Z] > refreshing access token with scopes: ["email","https://www.googleapis.com/auth/cloud-platform","https://www.googleapis.com/auth/cloudplatformprojects.readonly","https://www.googleapis.com/auth/firebase","openid"]
[debug] [2022-01-22T22:48:18.332Z] >>> HTTP REQUEST POST https://www.googleapis.com/oauth2/v3/token  
 <request body omitted>
